Arguments: 
  C:\Program Files\nodejs\node.exe C:\Program Files (x86)\Yarn\bin\yarn.js add exp

PATH: 
  C:\WINDOWS\system32;C:\WINDOWS;C:\WINDOWS\System32\Wbem;C:\WINDOWS\System32\WindowsPowerShell\v1.0\;C:\WINDOWS\System32\OpenSSH\;C:\Program Files\Git\cmd;C:\Program Files\nodejs\;C:\Program Files (x86)\Yarn\bin\;C:\ProgramData\chocolatey\bin;C:\Program Files\OpenJDK\openjdk-8u262-b10\bin;C:\Users\FIDELLIS\AppData\Local\Microsoft\WindowsApps;;C:\Users\FIDELLIS\AppData\Local\Programs\Microsoft VS Code\bin;C:\Users\FIDELLIS\AppData\Roaming\npm;C:\Users\FIDELLIS\AppData\Local\Yarn\bin

Yarn version: 
  1.22.5

Node version: 
  12.18.2

Platform: 
  win32 x64

Trace: 
  Error: https://registry.yarnpkg.com/react-native-navigation/-/react-native-navigation-7.2.0.tgz: socket hang up
      at connResetException (internal/errors.js:609:14)
      at TLSSocket.socketOnEnd (_http_client.js:453:23)
      at TLSSocket.emit (events.js:327:22)
      at endReadableNT (_stream_readable.js:1221:12)
      at processTicksAndRejections (internal/process/task_queues.js:84:21)

npm manifest: 
  {
    "main": "node_modules/expo/AppEntry.js",
    "scripts": {
      "start": "expo start",
      "android": "expo start --android",
      "ios": "expo start --ios",
      "web": "expo start --web",
      "eject": "expo eject"
    },
    "dependencies": {
      "@expo/vector-icons": "^10.2.1",
      "@react-native-community/masked-view": "^0.1.10",
      "@react-navigation/drawer": "^5.9.3",
      "@react-navigation/native": "^5.7.6",
      "@react-navigation/stack": "^5.9.3",
      "expo": "~39.0.2",
      "expo-status-bar": "~1.0.2",
      "react": "16.13.1",
      "react-dom": "16.13.1",
      "react-native": "https://github.com/expo/react-native/archive/sdk-39.0.3.tar.gz",
      "react-native-gesture-handler": "^1.7.0",
      "react-native-navigation": "^7.2.0",
      "react-native-reanimated": "^1.13.1",
      "react-native-safe-area-context": "^3.1.4",
      "react-native-screens": "^2.10.1",
      "react-native-web": "~0.13.12",
      "react-navigation": "^4.4.2",
      "react-navigation-stack": "^2.8.4"
    },
    "devDependencies": {
      "@babel/core": "~7.9.0"
    },
    "private": true
  }

yarn manifest: 
  No manifest

Lockfile: 
  No lockfile
